Initialized native services in: C:\Users\Pauli\.gradle\native
Initialized jansi services in: C:\Users\Pauli\.gradle\native
Found daemon DaemonInfo{pid=22776, address=[ec11ac32-add5-49b4-9afe-3ad4556a3e14 port:53523, addresses:[/127.0.0.1]], state=Idle, lastBusy=1772379851960, context=DefaultDaemonContext[uid=3120724b-8328-4288-80ee-88c7d4f84f63,javaHome=C:\Users\Pauli\.antigravity\extensions\redhat.java-1.12.0-win32-x64\jre\17.0.4.1-win32-x86_64,javaVersion=17,javaVendor=Eclipse Adoptium,daemonRegistryDir=C:\Users\Pauli\.gradle\daemon,pid=22776,idleTimeout=10800000,priority=NORMAL,applyInstrumentationAgent=true,nativeServicesMode=ENABLED,daemonOpts=-XX:MaxMetaspaceSize=384m,-XX:+HeapDumpOnOutOfMemoryError,-Xms256m,-Xmx512m,-Dfile.encoding=UTF-8,-Duser.country=BR,-Duser.language=pt,-Duser.variant]} however its context does not match the desired criteria.
JVM is incompatible.
Wanted: DaemonRequestContext{jvmCriteria=C:\Program Files\Java\jdk-24.0.1 (no JDK specified, using current Java home), daemonOpts=[-XX:MaxMetaspaceSize=384m, -XX:+HeapDumpOnOutOfMemoryError, -Xms256m, -Xmx512m, -Dfile.encoding=UTF-8, -Duser.country=BR, -Duser.language=pt, -Duser.variant], applyInstrumentationAgent=true, nativeServicesMode=ENABLED, priority=NORMAL}
Actual: DefaultDaemonContext[uid=3120724b-8328-4288-80ee-88c7d4f84f63,javaHome=C:\Users\Pauli\.antigravity\extensions\redhat.java-1.12.0-win32-x64\jre\17.0.4.1-win32-x86_64,javaVersion=17,javaVendor=Eclipse Adoptium,daemonRegistryDir=C:\Users\Pauli\.gradle\daemon,pid=22776,idleTimeout=10800000,priority=NORMAL,applyInstrumentationAgent=true,nativeServicesMode=ENABLED,daemonOpts=-XX:MaxMetaspaceSize=384m,-XX:+HeapDumpOnOutOfMemoryError,-Xms256m,-Xmx512m,-Dfile.encoding=UTF-8,-Duser.country=BR,-Duser.language=pt,-Duser.variant]

  Looking for a different daemon...
The client will now receive all logging from the daemon (pid: 26812). The daemon log file: C:\Users\Pauli\.gradle\daemon\8.14.4\daemon-26812.out.log
Starting 21st build in daemon [uptime: 28 mins 36.409 secs, performance: 99%, GC rate: 0.00/s, heap usage: 0% of 512 MiB, non-heap usage: 20% of 384 MiB]
Using 12 worker leases.
Now considering [C:\Users\Pauli\Downloads\projetos sites\backend casamento\Site-Casamento] as hierarchies to watch
Watching the file system is configured to be enabled if available
File system watching is active
Starting Build
Settings evaluated using settings file 'C:\Users\Pauli\Downloads\projetos sites\backend casamento\Site-Casamento\settings.gradle'.
Projects loaded. Root project using build file 'C:\Users\Pauli\Downloads\projetos sites\backend casamento\Site-Casamento\build.gradle'.
Included projects: [root project 'Site-Casamento']

> Configure project :
Evaluating root project 'Site-Casamento' using build file 'C:\Users\Pauli\Downloads\projetos sites\backend casamento\Site-Casamento\build.gradle'.
Resolved plugin [id: 'java']
Resolved plugin [id: 'org.springframework.boot', version: '3.4.2']
Resolved plugin [id: 'io.spring.dependency-management', version: '1.1.7']
Applying dependency management to configuration 'annotationProcessor' in project 'Site-Casamento'
Applying dependency management to configuration 'apiElements' in project 'Site-Casamento'
Applying dependency management to configuration 'archives' in project 'Site-Casamento'
Applying dependency management to configuration 'bootArchives' in project 'Site-Casamento'
Applying dependency management to configuration 'compileClasspath' in project 'Site-Casamento'
Applying dependency management to configuration 'compileOnly' in project 'Site-Casamento'
Applying dependency management to configuration 'default' in project 'Site-Casamento'
Applying dependency management to configuration 'developmentOnly' in project 'Site-Casamento'
Applying dependency management to configuration 'implementation' in project 'Site-Casamento'
Applying dependency management to configuration 'mainSourceElements' in project 'Site-Casamento'
Applying dependency management to configuration 'productionRuntimeClasspath' in project 'Site-Casamento'
Applying dependency management to configuration 'runtimeClasspath' in project 'Site-Casamento'
Applying dependency management to configuration 'runtimeElements' in project 'Site-Casamento'
Applying dependency management to configuration 'runtimeOnly' in project 'Site-Casamento'
Applying dependency management to configuration 'testAndDevelopmentOnly' in project 'Site-Casamento'
Applying dependency management to configuration 'testAnnotationProcessor' in project 'Site-Casamento'
Applying dependency management to configuration 'testCompileClasspath' in project 'Site-Casamento'
Applying dependency management to configuration 'testCompileOnly' in project 'Site-Casamento'
Applying dependency management to configuration 'testImplementation' in project 'Site-Casamento'
Applying dependency management to configuration 'testResultsElementsForTest' in project 'Site-Casamento'
Applying dependency management to configuration 'testRuntimeClasspath' in project 'Site-Casamento'
Applying dependency management to configuration 'testRuntimeOnly' in project 'Site-Casamento'
All projects evaluated.
Task name matched 'compileJava'
Selected primary task 'compileJava' from project :
Resolving global dependency management for project 'Site-Casamento'
Excluding []
Excluding []
Tasks to be executed: [task ':compileJava']
Tasks that were excluded: []
Resolve mutations for :compileJava (Thread[#2822,Execution worker Thread 2,5,main]) started.
:compileJava (Thread[#2822,Execution worker Thread 2,5,main]) started.

> Task :compileJava FAILED
Custom actions are attached to task ':compileJava'.
Caching disabled for task ':compileJava' because:
  Build cache is disabled
Task ':compileJava' is not up-to-date because:
  Task has failed previously.
The input changes require a full rebuild for incremental task ':compileJava'.
Compilation mode: in-process compilation
Full recompilation is required because no incremental change information is available. This is usually caused by clean builds or changing compiler arguments.
Compiling with toolchain 'C:\Program Files\Java\jdk-24.0.1'.
Compiling with JDK Java compiler API.

[Incubating] Problems report is available at: file:///C:/Users/Pauli/Downloads/projetos%20sites/backend%20casamento/Site-Casamento/build/reports/problems/problems-report.html
./gradlew : 
No linha:1 caractere:1
+ ./gradlew compileJava 
--console=plain --stacktrace 
--info 2>&1 | Out- ...
+ ~~~~~~~~~~~~~~~~~~~~~~~~~~~
~~~~~~~~~~~~~~~~~~~~~~~~~~~~~
~~~~~~
    + CategoryInfo           
   : NotSpecified: (:String  
  ) [], RemoteException
    + FullyQualifiedErrorId  
   : NativeCommandError
 
FAILURE: Build failed with 
an exception.

* What went wrong:
Execution failed for task 
':compileJava'.
> java.lang.ExceptionInInitia
lizerError

* Try:
> Run with --debug option to 
get more log output.
> Run with --scan to get 
full insights.
> Get more help at 
https://help.gradle.org.

* Exception is:
org.gradle.api.tasks.TaskExec
utionException: Execution 
failed for task 
':compileJava'.
	at org.gradle.api.internal.t
asks.execution.ExecuteActions
TaskExecuter.lambda$executeIf
Valid$1(ExecuteActionsTaskExe
cuter.java:130)
	at org.gradle.internal.Try$F
ailure.ifSuccessfulOrElse(Try
.java:293)
	at org.gradle.api.internal.t
asks.execution.ExecuteActions
TaskExecuter.executeIfValid(E
xecuteActionsTaskExecuter.jav
a:128)
	at org.gradle.api.internal.t
asks.execution.ExecuteActions
TaskExecuter.execute(ExecuteA
ctionsTaskExecuter.java:116)
	at org.gradle.api.internal.t
asks.execution.ProblemsTaskPa
thTrackingTaskExecuter.execut
e(ProblemsTaskPathTrackingTas
kExecuter.java:41)
	at org.gradle.api.internal.t
asks.execution.FinalizeProper
tiesTaskExecuter.execute(Fina
lizePropertiesTaskExecuter.ja
va:46)
	at org.gradle.api.internal.t
asks.execution.ResolveTaskExe
cutionModeExecuter.execute(Re
solveTaskExecutionModeExecute
r.java:51)
	at org.gradle.api.internal.t
asks.execution.SkipTaskWithNo
ActionsExecuter.execute(SkipT
askWithNoActionsExecuter.java
:57)
	at org.gradle.api.internal.t
asks.execution.SkipOnlyIfTask
Executer.execute(SkipOnlyIfTa
skExecuter.java:74)
	at org.gradle.api.internal.t
asks.execution.CatchException
TaskExecuter.execute(CatchExc
eptionTaskExecuter.java:36)
	at org.gradle.api.internal.t
asks.execution.EventFiringTas
kExecuter$1.executeTask(Event
FiringTaskExecuter.java:77)
	at org.gradle.api.internal.t
asks.execution.EventFiringTas
kExecuter$1.call(EventFiringT
askExecuter.java:55)
	at org.gradle.api.internal.t
asks.execution.EventFiringTas
kExecuter$1.call(EventFiringT
askExecuter.java:52)
	at org.gradle.internal.opera
tions.DefaultBuildOperationRu
nner$CallableBuildOperationWo
rker.execute(DefaultBuildOper
ationRunner.java:210)
	at org.gradle.internal.opera
tions.DefaultBuildOperationRu
nner$CallableBuildOperationWo
rker.execute(DefaultBuildOper
ationRunner.java:205)
	at org.gradle.internal.opera
tions.DefaultBuildOperationRu
nner$2.execute(DefaultBuildOp
erationRunner.java:67)
	at org.gradle.internal.opera
tions.DefaultBuildOperationRu
nner$2.execute(DefaultBuildOp
erationRunner.java:60)
	at org.gradle.internal.opera
tions.DefaultBuildOperationRu
nner.execute(DefaultBuildOper
ationRunner.java:167)
	at org.gradle.internal.opera
tions.DefaultBuildOperationRu
nner.execute(DefaultBuildOper
ationRunner.java:60)
	at org.gradle.internal.opera
tions.DefaultBuildOperationRu
nner.call(DefaultBuildOperati
onRunner.java:54)
	at org.gradle.api.internal.t
asks.execution.EventFiringTas
kExecuter.execute(EventFiring
TaskExecuter.java:52)
	at org.gradle.execution.plan
.LocalTaskNodeExecutor.execut
e(LocalTaskNodeExecutor.java:
42)
	at org.gradle.execution.task
graph.DefaultTaskExecutionGra
ph$InvokeNodeExecutorsAction.
execute(DefaultTaskExecutionG
raph.java:331)
	at org.gradle.execution.task
graph.DefaultTaskExecutionGra
ph$InvokeNodeExecutorsAction.
execute(DefaultTaskExecutionG
raph.java:318)
	at org.gradle.execution.task
graph.DefaultTaskExecutionGra
ph$BuildOperationAwareExecuti
onAction.lambda$execute$0(Def
aultTaskExecutionGraph.java:3
14)
	at org.gradle.internal.opera
tions.CurrentBuildOperationRe
f.with(CurrentBuildOperationR
ef.java:85)
	at org.gradle.execution.task
graph.DefaultTaskExecutionGra
ph$BuildOperationAwareExecuti
onAction.execute(DefaultTaskE
xecutionGraph.java:314)
	at org.gradle.execution.task
graph.DefaultTaskExecutionGra
ph$BuildOperationAwareExecuti
onAction.execute(DefaultTaskE
xecutionGraph.java:303)
	at org.gradle.execution.plan
.DefaultPlanExecutor$Executor
Worker.execute(DefaultPlanExe
cutor.java:459)
	at org.gradle.execution.plan
.DefaultPlanExecutor$Executor
Worker.run(DefaultPlanExecuto
r.java:376)
	at org.gradle.internal.concu
rrent.ExecutorPolicy$CatchAnd
RecordFailures.onExecute(Exec
utorPolicy.java:64)
	at org.gradle.internal.concu
rrent.AbstractManagedExecutor
$1.run(AbstractManagedExecuto
r.java:48)
Caused by: 
java.lang.RuntimeException: j
ava.lang.ExceptionInInitializ
erError
	at jdk.compiler/com.sun.tool
s.javac.api.JavacTaskImpl.inv
ocationHelper(JavacTaskImpl.j
ava:168)
	at jdk.compiler/com.sun.tool
s.javac.api.JavacTaskImpl.doC
all(JavacTaskImpl.java:100)
	at jdk.compiler/com.sun.tool
s.javac.api.JavacTaskImpl.cal
l(JavacTaskImpl.java:94)
	at org.gradle.internal.compi
ler.java.IncrementalCompileTa
sk.call(IncrementalCompileTas
k.java:92)
	at org.gradle.api.internal.t
asks.compile.AnnotationProces
singCompileTask.call(Annotati
onProcessingCompileTask.java:
94)
	at org.gradle.api.internal.t
asks.compile.ResourceCleaning
CompilationTask.call(Resource
CleaningCompilationTask.java:
57)
	at org.gradle.api.internal.t
asks.compile.JdkJavaCompiler.
execute(JdkJavaCompiler.java:
83)
	at org.gradle.api.internal.t
asks.compile.JdkJavaCompiler.
execute(JdkJavaCompiler.java:
50)
	at org.gradle.api.internal.t
asks.compile.NormalizingJavaC
ompiler.delegateAndHandleErro
rs(NormalizingJavaCompiler.ja
va:98)
	at org.gradle.api.internal.t
asks.compile.NormalizingJavaC
ompiler.execute(NormalizingJa
vaCompiler.java:52)
	at org.gradle.api.internal.t
asks.compile.NormalizingJavaC
ompiler.execute(NormalizingJa
vaCompiler.java:38)
	at org.gradle.api.internal.t
asks.compile.AnnotationProces
sorDiscoveringCompiler.execut
e(AnnotationProcessorDiscover
ingCompiler.java:52)
	at org.gradle.api.internal.t
asks.compile.AnnotationProces
sorDiscoveringCompiler.execut
e(AnnotationProcessorDiscover
ingCompiler.java:38)
	at org.gradle.api.internal.t
asks.compile.ModuleApplicatio
nNameWritingCompiler.execute(
ModuleApplicationNameWritingC
ompiler.java:46)
	at org.gradle.api.internal.t
asks.compile.ModuleApplicatio
nNameWritingCompiler.execute(
ModuleApplicationNameWritingC
ompiler.java:36)
	at org.gradle.jvm.toolchain.
internal.DefaultToolchainJava
Compiler.execute(DefaultToolc
hainJavaCompiler.java:57)
	at org.gradle.api.tasks.comp
ile.JavaCompile.lambda$create
ToolchainCompiler$3(JavaCompi
le.java:206)
	at org.gradle.api.internal.t
asks.compile.CleaningJavaComp
iler.execute(CleaningJavaComp
iler.java:53)
	at org.gradle.api.internal.t
asks.compile.incremental.Incr
ementalCompilerFactory.lambda
$createRebuildAllCompiler$0(I
ncrementalCompilerFactory.jav
a:55)
	at org.gradle.api.internal.t
asks.compile.incremental.Sele
ctiveCompiler.execute(Selecti
veCompiler.java:70)
	at org.gradle.api.internal.t
asks.compile.incremental.Sele
ctiveCompiler.execute(Selecti
veCompiler.java:44)
	at org.gradle.api.internal.t
asks.compile.incremental.Incr
ementalResultStoringCompiler.
execute(IncrementalResultStor
ingCompiler.java:66)
	at org.gradle.api.internal.t
asks.compile.incremental.Incr
ementalResultStoringCompiler.
execute(IncrementalResultStor
ingCompiler.java:52)
	at org.gradle.api.internal.t
asks.compile.CompileJavaBuild
OperationReportingCompiler$1.
call(CompileJavaBuildOperatio
nReportingCompiler.java:64)
	at org.gradle.api.internal.t
asks.compile.CompileJavaBuild
OperationReportingCompiler$1.
call(CompileJavaBuildOperatio
nReportingCompiler.java:48)
	at org.gradle.internal.opera
tions.DefaultBuildOperationRu
nner$CallableBuildOperationWo
rker.execute(DefaultBuildOper
ationRunner.java:210)
	at org.gradle.internal.opera
tions.DefaultBuildOperationRu
nner$CallableBuildOperationWo
rker.execute(DefaultBuildOper
ationRunner.java:205)
	at org.gradle.internal.opera
tions.DefaultBuildOperationRu
nner$2.execute(DefaultBuildOp
erationRunner.java:67)
	at org.gradle.internal.opera
tions.DefaultBuildOperationRu
nner$2.execute(DefaultBuildOp
erationRunner.java:60)
	at org.gradle.internal.opera
tions.DefaultBuildOperationRu
nner.execute(DefaultBuildOper
ationRunner.java:167)
	at org.gradle.internal.opera
tions.DefaultBuildOperationRu
nner.execute(DefaultBuildOper
ationRunner.java:60)
	at org.gradle.internal.opera
tions.DefaultBuildOperationRu
nner.call(DefaultBuildOperati
onRunner.java:54)
	at org.gradle.api.internal.t
asks.compile.CompileJavaBuild
OperationReportingCompiler.ex
ecute(CompileJavaBuildOperati
onReportingCompiler.java:48)
	at org.gradle.api.tasks.comp
ile.JavaCompile.performCompil
ation(JavaCompile.java:224)
	at org.gradle.api.tasks.comp
ile.JavaCompile.performIncrem
entalCompilation(JavaCompile.
java:165)
	at org.gradle.api.tasks.comp
ile.JavaCompile.compile(JavaC
ompile.java:150)
	at java.base/jdk.internal.re
flect.DirectMethodHandleAcces
sor.invoke(DirectMethodHandle
Accessor.java:104)
	at org.gradle.internal.refle
ct.JavaMethod.invoke(JavaMeth
od.java:125)
	at org.gradle.api.internal.p
roject.taskfactory.Incrementa
lTaskAction.doExecute(Increme
ntalTaskAction.java:45)
	at org.gradle.api.internal.p
roject.taskfactory.StandardTa
skAction.execute(StandardTask
Action.java:51)
	at org.gradle.api.internal.p
roject.taskfactory.Incrementa
lTaskAction.execute(Increment
alTaskAction.java:26)
	at org.gradle.api.internal.p
roject.taskfactory.StandardTa
skAction.execute(StandardTask
Action.java:29)
	at org.gradle.api.internal.t
asks.execution.TaskExecution$
3.run(TaskExecution.java:244)
	at org.gradle.internal.opera
tions.DefaultBuildOperationRu
nner$1.execute(DefaultBuildOp
erationRunner.java:30)
	at org.gradle.internal.opera
tions.DefaultBuildOperationRu
nner$1.execute(DefaultBuildOp
erationRunner.java:27)
	at org.gradle.internal.opera
tions.DefaultBuildOperationRu
nner$2.execute(DefaultBuildOp
erationRunner.java:67)
	at org.gradle.internal.opera
tions.DefaultBuildOperationRu
nner$2.execute(DefaultBuildOp
erationRunner.java:60)
	at org.gradle.internal.opera
tions.DefaultBuildOperationRu
nner.execute(DefaultBuildOper
ationRunner.java:167)
	at org.gradle.internal.opera
tions.DefaultBuildOperationRu
nner.execute(DefaultBuildOper
ationRunner.java:60)
	at org.gradle.internal.opera
tions.DefaultBuildOperationRu
nner.run(DefaultBuildOperatio
nRunner.java:48)
	at org.gradle.api.internal.t
asks.execution.TaskExecution.
executeAction(TaskExecution.j
ava:229)
	at org.gradle.api.internal.t
asks.execution.TaskExecution.
executeActions(TaskExecution.
java:212)
	at org.gradle.api.internal.t
asks.execution.TaskExecution.
executeWithPreviousOutputFile
s(TaskExecution.java:195)
	at org.gradle.api.internal.t
asks.execution.TaskExecution.
execute(TaskExecution.java:16
2)
	at org.gradle.internal.execu
tion.steps.ExecuteStep.execut
eInternal(ExecuteStep.java:10
5)
	at org.gradle.internal.execu
tion.steps.ExecuteStep.access
$000(ExecuteStep.java:44)
	at org.gradle.internal.execu
tion.steps.ExecuteStep$1.call
(ExecuteStep.java:59)
	at org.gradle.internal.execu
tion.steps.ExecuteStep$1.call
(ExecuteStep.java:56)
	at org.gradle.internal.opera
tions.DefaultBuildOperationRu
nner$CallableBuildOperationWo
rker.execute(DefaultBuildOper
ationRunner.java:210)
	at org.gradle.internal.opera
tions.DefaultBuildOperationRu
nner$CallableBuildOperationWo
rker.execute(DefaultBuildOper
ationRunner.java:205)
	at org.gradle.internal.opera
tions.DefaultBuildOperationRu
nner$2.execute(DefaultBuildOp
erationRunner.java:67)
	at org.gradle.internal.opera
tions.DefaultBuildOperationRu
nner$2.execute(DefaultBuildOp
erationRunner.java:60)
	at org.gradle.internal.opera
tions.DefaultBuildOperationRu
nner.execute(DefaultBuildOper
ationRunner.java:167)
	at org.gradle.internal.opera
tions.DefaultBuildOperationRu
nner.execute(DefaultBuildOper
ationRunner.java:60)
	at org.gradle.internal.opera
tions.DefaultBuildOperationRu
nner.call(DefaultBuildOperati
onRunner.java:54)
	at org.gradle.internal.execu
tion.steps.ExecuteStep.execut
e(ExecuteStep.java:56)
	at org.gradle.internal.execu
tion.steps.ExecuteStep.execut
e(ExecuteStep.java:44)
	at org.gradle.internal.execu
tion.steps.CancelExecutionSte
p.execute(CancelExecutionStep
.java:42)
	at org.gradle.internal.execu
tion.steps.TimeoutStep.execut
eWithoutTimeout(TimeoutStep.j
ava:75)
	at org.gradle.internal.execu
tion.steps.TimeoutStep.execut
e(TimeoutStep.java:55)
	at org.gradle.internal.execu
tion.steps.PreCreateOutputPar
entsStep.execute(PreCreateOut
putParentsStep.java:50)
	at org.gradle.internal.execu
tion.steps.PreCreateOutputPar
entsStep.execute(PreCreateOut
putParentsStep.java:28)
	at org.gradle.internal.execu
tion.steps.RemovePreviousOutp
utsStep.execute(RemovePreviou
sOutputsStep.java:67)
	at org.gradle.internal.execu
tion.steps.RemovePreviousOutp
utsStep.execute(RemovePreviou
sOutputsStep.java:37)
	at org.gradle.internal.execu
tion.steps.BroadcastChangingO
utputsStep.execute(BroadcastC
hangingOutputsStep.java:61)
	at org.gradle.internal.execu
tion.steps.BroadcastChangingO
utputsStep.execute(BroadcastC
hangingOutputsStep.java:26)
	at org.gradle.internal.execu
tion.steps.CaptureOutputsAfte
rExecutionStep.execute(Captur
eOutputsAfterExecutionStep.ja
va:69)
	at org.gradle.internal.execu
tion.steps.CaptureOutputsAfte
rExecutionStep.execute(Captur
eOutputsAfterExecutionStep.ja
va:46)
	at org.gradle.internal.execu
tion.steps.ResolveInputChange
sStep.execute(ResolveInputCha
ngesStep.java:40)
	at org.gradle.internal.execu
tion.steps.ResolveInputChange
sStep.execute(ResolveInputCha
ngesStep.java:29)
	at org.gradle.internal.execu
tion.steps.BuildCacheStep.exe
cuteWithoutCache(BuildCacheSt
ep.java:189)
	at org.gradle.internal.execu
tion.steps.BuildCacheStep.lam
bda$execute$1(BuildCacheStep.
java:75)
	at org.gradle.internal.Eithe
r$Right.fold(Either.java:175)
	at org.gradle.internal.execu
tion.caching.CachingState.fol
d(CachingState.java:62)
	at org.gradle.internal.execu
tion.steps.BuildCacheStep.exe
cute(BuildCacheStep.java:73)
	at org.gradle.internal.execu
tion.steps.BuildCacheStep.exe
cute(BuildCacheStep.java:48)
	at org.gradle.internal.execu
tion.steps.StoreExecutionStat
eStep.execute(StoreExecutionS
tateStep.java:46)
	at org.gradle.internal.execu
tion.steps.StoreExecutionStat
eStep.execute(StoreExecutionS
tateStep.java:35)
	at org.gradle.internal.execu
tion.steps.SkipUpToDateStep.e
xecuteBecause(SkipUpToDateSte
p.java:75)
	at org.gradle.internal.execu
tion.steps.SkipUpToDateStep.l
ambda$execute$2(SkipUpToDateS
tep.java:53)
	at org.gradle.internal.execu
tion.steps.SkipUpToDateStep.e
xecute(SkipUpToDateStep.java:
53)
	at org.gradle.internal.execu
tion.steps.SkipUpToDateStep.e
xecute(SkipUpToDateStep.java:
35)
	at org.gradle.internal.execu
tion.steps.legacy.MarkSnapsho
ttingInputsFinishedStep.execu
te(MarkSnapshottingInputsFini
shedStep.java:37)
	at org.gradle.internal.execu
tion.steps.legacy.MarkSnapsho
ttingInputsFinishedStep.execu
te(MarkSnapshottingInputsFini
shedStep.java:27)
	at org.gradle.internal.execu
tion.steps.ResolveIncremental
CachingStateStep.executeDeleg
ate(ResolveIncrementalCaching
StateStep.java:49)
	at org.gradle.internal.execu
tion.steps.ResolveIncremental
CachingStateStep.executeDeleg
ate(ResolveIncrementalCaching
StateStep.java:27)
	at org.gradle.internal.execu
tion.steps.AbstractResolveCac
hingStateStep.execute(Abstrac
tResolveCachingStateStep.java
:71)
	at org.gradle.internal.execu
tion.steps.AbstractResolveCac
hingStateStep.execute(Abstrac
tResolveCachingStateStep.java
:39)
	at org.gradle.internal.execu
tion.steps.ResolveChangesStep
.execute(ResolveChangesStep.j
ava:65)
	at org.gradle.internal.execu
tion.steps.ResolveChangesStep
.execute(ResolveChangesStep.j
ava:36)
	at org.gradle.internal.execu
tion.steps.ValidateStep.execu
te(ValidateStep.java:107)
	at org.gradle.internal.execu
tion.steps.ValidateStep.execu
te(ValidateStep.java:56)
	at org.gradle.internal.execu
tion.steps.AbstractCaptureSta
teBeforeExecutionStep.execute
(AbstractCaptureStateBeforeEx
ecutionStep.java:64)
	at org.gradle.internal.execu
tion.steps.AbstractCaptureSta
teBeforeExecutionStep.execute
(AbstractCaptureStateBeforeEx
ecutionStep.java:43)
	at org.gradle.internal.execu
tion.steps.AbstractSkipEmptyW
orkStep.executeWithNonEmptySo
urces(AbstractSkipEmptyWorkSt
ep.java:125)
	at org.gradle.internal.execu
tion.steps.AbstractSkipEmptyW
orkStep.execute(AbstractSkipE
mptyWorkStep.java:61)
	at org.gradle.internal.execu
tion.steps.AbstractSkipEmptyW
orkStep.execute(AbstractSkipE
mptyWorkStep.java:36)
	at org.gradle.internal.execu
tion.steps.legacy.MarkSnapsho
ttingInputsStartedStep.execut
e(MarkSnapshottingInputsStart
edStep.java:38)
	at org.gradle.internal.execu
tion.steps.LoadPreviousExecut
ionStateStep.execute(LoadPrev
iousExecutionStateStep.java:3
6)
	at org.gradle.internal.execu
tion.steps.LoadPreviousExecut
ionStateStep.execute(LoadPrev
iousExecutionStateStep.java:2
3)
	at org.gradle.internal.execu
tion.steps.HandleStaleOutputs
Step.execute(HandleStaleOutpu
tsStep.java:75)
	at org.gradle.internal.execu
tion.steps.HandleStaleOutputs
Step.execute(HandleStaleOutpu
tsStep.java:41)
	at org.gradle.internal.execu
tion.steps.AssignMutableWorks
paceStep.lambda$execute$0(Ass
ignMutableWorkspaceStep.java:
35)
	at org.gradle.api.internal.t
asks.execution.TaskExecution$
4.withWorkspace(TaskExecution
.java:289)
	at org.gradle.internal.execu
tion.steps.AssignMutableWorks
paceStep.execute(AssignMutabl
eWorkspaceStep.java:31)
	at org.gradle.internal.execu
tion.steps.AssignMutableWorks
paceStep.execute(AssignMutabl
eWorkspaceStep.java:22)
	at org.gradle.internal.execu
tion.steps.ChoosePipelineStep
.execute(ChoosePipelineStep.j
ava:40)
	at org.gradle.internal.execu
tion.steps.ChoosePipelineStep
.execute(ChoosePipelineStep.j
ava:23)
	at org.gradle.internal.execu
tion.steps.ExecuteWorkBuildOp
erationFiringStep.lambda$exec
ute$2(ExecuteWorkBuildOperati
onFiringStep.java:67)
	at org.gradle.internal.execu
tion.steps.ExecuteWorkBuildOp
erationFiringStep.execute(Exe
cuteWorkBuildOperationFiringS
tep.java:67)
	at org.gradle.internal.execu
tion.steps.ExecuteWorkBuildOp
erationFiringStep.execute(Exe
cuteWorkBuildOperationFiringS
tep.java:39)
	at org.gradle.internal.execu
tion.steps.IdentityCacheStep.
execute(IdentityCacheStep.jav
a:46)
	at org.gradle.internal.execu
tion.steps.IdentityCacheStep.
execute(IdentityCacheStep.jav
a:34)
	at org.gradle.internal.execu
tion.steps.IdentifyStep.execu
te(IdentifyStep.java:48)
	at org.gradle.internal.execu
tion.steps.IdentifyStep.execu
te(IdentifyStep.java:35)
	at org.gradle.internal.execu
tion.impl.DefaultExecutionEng
ine$1.execute(DefaultExecutio
nEngine.java:64)
	at org.gradle.api.internal.t
asks.execution.ExecuteActions
TaskExecuter.executeIfValid(E
xecuteActionsTaskExecuter.jav
a:127)
	at org.gradle.api.internal.t
asks.execution.ExecuteActions
TaskExecuter.execute(ExecuteA
ctionsTaskExecuter.java:116)
	at org.gradle.api.internal.t
asks.execution.ProblemsTaskPa
thTrackingTaskExecuter.execut
e(ProblemsTaskPathTrackingTas
kExecuter.java:41)
	at org.gradle.api.internal.t
asks.execution.FinalizeProper
tiesTaskExecuter.execute(Fina
lizePropertiesTaskExecuter.ja
va:46)
	at org.gradle.api.internal.t
asks.execution.ResolveTaskExe
cutionModeExecuter.execute(Re
solveTaskExecutionModeExecute
r.java:51)
	at org.gradle.api.internal.t
asks.execution.SkipTaskWithNo
ActionsExecuter.execute(SkipT
askWithNoActionsExecuter.java
:57)
	at org.gradle.api.internal.t
asks.execution.SkipOnlyIfTask
Executer.execute(SkipOnlyIfTa
skExecuter.java:74)
	at org.gradle.api.internal.t
asks.execution.CatchException
TaskExecuter.execute(CatchExc
eptionTaskExecuter.java:36)
	at org.gradle.api.internal.t
asks.execution.EventFiringTas
kExecuter$1.executeTask(Event
FiringTaskExecuter.java:77)
	at org.gradle.api.internal.t
asks.execution.EventFiringTas
kExecuter$1.call(EventFiringT
askExecuter.java:55)
	at org.gradle.api.internal.t
asks.execution.EventFiringTas
kExecuter$1.call(EventFiringT
askExecuter.java:52)
	at org.gradle.internal.opera
tions.DefaultBuildOperationRu
nner$CallableBuildOperationWo
rker.execute(DefaultBuildOper
ationRunner.java:210)
	at org.gradle.internal.opera
tions.DefaultBuildOperationRu
nner$CallableBuildOperationWo
rker.execute(DefaultBuildOper
ationRunner.java:205)
	at org.gradle.internal.opera
tions.DefaultBuildOperationRu
nner$2.execute(DefaultBuildOp
erationRunner.java:67)
	at org.gradle.internal.opera
tions.DefaultBuildOperationRu
nner$2.execute(DefaultBuildOp
erationRunner.java:60)
	at org.gradle.internal.opera
tions.DefaultBuildOperationRu
nner.execute(DefaultBuildOper
ationRunner.java:167)
	at org.gradle.internal.opera
tions.DefaultBuildOperationRu
nner.execute(DefaultBuildOper
ationRunner.java:60)
	at org.gradle.internal.opera
tions.DefaultBuildOperationRu
nner.call(DefaultBuildOperati
onRunner.java:54)
	at org.gradle.api.internal.t
asks.execution.EventFiringTas
kExecuter.execute(EventFiring
TaskExecuter.java:52)
	at org.gradle.execution.plan
.LocalTaskNodeExecutor.execut
e(LocalTaskNodeExecutor.java:
42)
	at org.gradle.execution.task
graph.DefaultTaskExecutionGra
ph$InvokeNodeExecutorsAction.
execute(DefaultTaskExecutionG
raph.java:331)
	at org.gradle.execution.task
graph.DefaultTaskExecutionGra
ph$InvokeNodeExecutorsAction.
execute(DefaultTaskExecutionG
raph.java:318)
	at org.gradle.execution.task
graph.DefaultTaskExecutionGra
ph$BuildOperationAwareExecuti
onAction.lambda$execute$0(Def
aultTaskExecutionGraph.java:3
14)
	at org.gradle.internal.opera
tions.CurrentBuildOperationRe
f.with(CurrentBuildOperationR
ef.java:85)
	at org.gradle.execution.task
graph.DefaultTaskExecutionGra
ph$BuildOperationAwareExecuti
onAction.execute(DefaultTaskE
xecutionGraph.java:314)
	at org.gradle.execution.task
graph.DefaultTaskExecutionGra
ph$BuildOperationAwareExecuti
onAction.execute(DefaultTaskE
xecutionGraph.java:303)
	at org.gradle.execution.plan
.DefaultPlanExecutor$Executor
Worker.execute(DefaultPlanExe
cutor.java:459)
	at org.gradle.execution.plan
.DefaultPlanExecutor$Executor
Worker.run(DefaultPlanExecuto
r.java:376)
	at org.gradle.internal.concu
rrent.ExecutorPolicy$CatchAnd
RecordFailures.onExecute(Exec
utorPolicy.java:64)
	at org.gradle.internal.concu
rrent.AbstractManagedExecutor
$1.run(AbstractManagedExecuto
r.java:48)
Caused by: java.lang.Exceptio
nInInitializerError
	at lombok.javac.apt.LombokPr
ocessor.placePostCompileAndDo
ntMakeForceRoundDummiesHook(L
ombokProcessor.java:174)
	at lombok.javac.apt.LombokPr
ocessor.init(LombokProcessor.
java:96)
	at lombok.core.AnnotationPro
cessor$JavacDescriptor.want(A
nnotationProcessor.java:160)
	at lombok.core.AnnotationPro
cessor.init(AnnotationProcess
or.java:213)
	at lombok.launch.AnnotationP
rocessorHider$AnnotationProce
ssor.init(AnnotationProcessor
.java:64)
	at org.gradle.api.internal.t
asks.compile.processing.Deleg
atingProcessor.init(Delegatin
gProcessor.java:57)
	at org.gradle.api.internal.t
asks.compile.processing.Isola
tingProcessor.init(IsolatingP
rocessor.java:44)
	at org.gradle.api.internal.t
asks.compile.processing.Deleg
atingProcessor.init(Delegatin
gProcessor.java:57)
	at org.gradle.api.internal.t
asks.compile.processing.TimeT
rackingProcessor.access$301(T
imeTrackingProcessor.java:37)
	at org.gradle.api.internal.t
asks.compile.processing.TimeT
rackingProcessor$4.create(Tim
eTrackingProcessor.java:88)
	at org.gradle.api.internal.t
asks.compile.processing.TimeT
rackingProcessor$4.create(Tim
eTrackingProcessor.java:85)
	at org.gradle.api.internal.t
asks.compile.processing.TimeT
rackingProcessor.track(TimeTr
ackingProcessor.java:117)
	at org.gradle.api.internal.t
asks.compile.processing.TimeT
rackingProcessor.init(TimeTra
ckingProcessor.java:85)
	at jdk.compiler/com.sun.tool
s.javac.processing.JavacProce
ssingEnvironment$ProcessorSta
te.<init>(JavacProcessingEnvi
ronment.java:633)
	at jdk.compiler/com.sun.tool
s.javac.processing.JavacProce
ssingEnvironment$DiscoveredPr
ocessors$ProcessorStateIterat
or.next(JavacProcessingEnviro
nment.java:760)
	at jdk.compiler/com.sun.tool
s.javac.processing.JavacProce
ssingEnvironment.discoverAndR
unProcs(JavacProcessingEnviro
nment.java:856)
	at jdk.compiler/com.sun.tool
s.javac.processing.JavacProce
ssingEnvironment$Round.run(Ja
vacProcessingEnvironment.java
:1199)
	at jdk.compiler/com.sun.tool
s.javac.processing.JavacProce
ssingEnvironment.doProcessing
(JavacProcessingEnvironment.j
ava:1312)
	at jdk.compiler/com.sun.tool
s.javac.main.JavaCompiler.pro
cessAnnotations(JavaCompiler.
java:1272)
	at jdk.compiler/com.sun.tool
s.javac.main.JavaCompiler.com
pile(JavaCompiler.java:948)
	at jdk.compiler/com.sun.tool
s.javac.api.JavacTaskImpl.lam
bda$doCall$0(JavacTaskImpl.ja
va:104)
	at jdk.compiler/com.sun.tool
s.javac.api.JavacTaskImpl.inv
ocationHelper(JavacTaskImpl.j
ava:152)
	... 155 more
Caused by: java.lang.NoSuchFi
eldException: com.sun.tools.j
avac.code.TypeTag :: UNKNOWN
	at lombok.permit.Permit.getF
ield(Permit.java:144)
	at lombok.javac.JavacTreeMak
er$SchroedingerType.getFieldC
ached(JavacTreeMaker.java:171
)
	at lombok.javac.JavacTreeMak
er$TypeTag.typeTag(JavacTreeM
aker.java:259)
	at lombok.javac.Javac.<clini
t>(Javac.java:187)
	... 177 more


Deprecated Gradle features were used in this build, making it incompatible with Gradle 9.0.

You can use '--warning-mode all' to show the individual deprecation warnings and determine if they come from your own scripts or plugins.


For more on this, please refer to https://docs.gradle.org/8.14.4/userguide/command_line_interface.html#sec:command_line_warnings in the Gradle documentation.
BUILD FAILED in 2s
1 actionable task: 1 executed
Watched directory hierarchies: [C:\Users\Pauli\Downloads\projetos sites\backend casamento\Site-Casamento]
